<?xml version="1.0" encoding="UTF-8"?>
<!-- Generated by org.testng.reporters.JUnitXMLReporter -->
<testsuite hostname="dheeraj-HP" name="Default test" tests="4" failures="0" timestamp="22 Apr 2019 05:22:20 GMT" time="0.272" errors="0">
  <testcase name="add" time="0.065" classname="mavenDemoTesting.mathsTest"/>
  <testcase name="div" time="0.005" classname="mavenDemoTesting.mathsTest"/>
  <testcase name="mul" time="0.008" classname="mavenDemoTesting.mathsTest"/>
  <testcase name="sub" time="0.022" classname="mavenDemoTesting.mathsTest"/>
</testsuite> <!-- Default test -->
